<?xml version="1.0" encoding="UTF-8"?>
<!-- Generated by org.testng.reporters.JUnitReportReporter -->
<testsuite skipped="0" hostname="RONY-POOJA" name="com.ultimateqa.courses.testsuite.LoginPageTest" tests="2" failures="0" timestamp="2022-12-12T13:09:41 GMT" time="15.921" errors="0">
  <testcase name="verifyTheErrorMessage" time="10.208" classname="com.ultimateqa.courses.testsuite.LoginPageTest"/>
  <system-out>
    <![CDATA[click the sign in link [[ChromeDriver: chrome on WINDOWS (4c1762376f13205aa2baeb3b2cef6d74)] -> xpath: //a[contains(text(),'Sign In')]]
enter email to the email fieldabc123@gmail.com[[ChromeDriver: chrome on WINDOWS (4c1762376f13205aa2baeb3b2cef6d74)] -> id: user[email]]
enter password to the password fieldtest123[[ChromeDriver: chrome on WINDOWS (4c1762376f13205aa2baeb3b2cef6d74)] -> name: user[password]]
click to sign in button[[ChromeDriver: chrome on WINDOWS (4c1762376f13205aa2baeb3b2cef6d74)] -> xpath: //button[contains(text(),'Sign in')]]
verify the error message[[ChromeDriver: chrome on WINDOWS (4c1762376f13205aa2baeb3b2cef6d74)] -> xpath: //li[contains(text(),'Invalid email or password.')]]]]>
  </system-out>
  <testcase name="userShouldNavigateToLoginPageSuccessfully" time="5.713" classname="com.ultimateqa.courses.testsuite.LoginPageTest"/>
  <system-out>
    <![CDATA[click the sign in link [[ChromeDriver: chrome on WINDOWS (a9cbbbcace23ee4f7649f272a316e35f)] -> xpath: //a[contains(text(),'Sign In')]]
verify the welcome message[[ChromeDriver: chrome on WINDOWS (a9cbbbcace23ee4f7649f272a316e35f)] -> xpath: //h2[contains(text(),'Welcome Back!')]]]]>
  </system-out>
</testsuite> <!-- com.ultimateqa.courses.testsuite.LoginPageTest -->
